# ./libvpx/configure --target=armv7-android-gcc --disable-examples --disable-neon --disable-neon-asm --sdk-path=/home/kubo/android-ndk-r9d/
Configuring selected codecs
  enabling vp8_encoder
  enabling vp8_decoder
  enabling vp9_encoder
  enabling vp9_decoder
Configuring for target 'armv7-android-gcc'
  enabling armv7
  enabling media
  enabling edsp
  enabling fast_unaligned
add_asflags --defsym ARCHITECTURE=7
check_cpp
BEGIN /tmp/vpx-conf-10803-31262.c
     1	#ifndef __ARM_PCS_VFP
     2	#error "not hardfp"
     3	#endif
END /tmp/vpx-conf-10803-31262.c
arm-none-linux-gnueabi-gcc -E -o /tmp/vpx-conf-10803-31262.o /tmp/vpx-conf-10803-31262.c
./libvpx/configure: 286: ./libvpx/configure: arm-none-linux-gnueabi-gcc: not found
check_cxxflags -march=armv7-a -mfloat-abi=softfp
check_cxx -Werror -march=armv7-a -mfloat-abi=softfp
BEGIN /tmp/vpx-conf-10803-31262.cc
     1	int x;
END /tmp/vpx-conf-10803-31262.cc
arm-none-linux-gnueabi-g++ -Werror -march=armv7-a -mfloat-abi=softfp -c -o /tmp/vpx-conf-10803-31262.o /tmp/vpx-conf-10803-31262.cc
./libvpx/configure: 286: ./libvpx/configure: arm-none-linux-gnueabi-g++: not found
check_cflags -march=armv7-a -mfloat-abi=softfp
check_cc -Werror -march=armv7-a -mfloat-abi=softfp
BEGIN /tmp/vpx-conf-10803-31262.c
     1	int x;
END /tmp/vpx-conf-10803-31262.c
arm-none-linux-gnueabi-gcc -Werror -march=armv7-a -mfloat-abi=softfp -c -o /tmp/vpx-conf-10803-31262.o /tmp/vpx-conf-10803-31262.c
./libvpx/configure: 286: ./libvpx/configure: arm-none-linux-gnueabi-gcc: not found
add_asflags -march=armv7-a -mfloat-abi=softfp
  enabling realtime_only
  enabling runtime_cpu_detect
check_cxxflags -mtune=cortex-a8
check_cxx -Werror -mtune=cortex-a8
BEGIN /tmp/vpx-conf-10803-31262.cc
     1	int x;
END /tmp/vpx-conf-10803-31262.cc
/home/kubo/android-ndk-r9d/toolchains/arm-linux-androideabi-4.8/prebuilt/linux-x86_64/bin/arm-linux-androideabi-g++ --sysroot=/home/kubo/android-ndk-r9d/platforms/android-19/arch-arm -I/home/kubo/android-ndk-r9d//sources/android/cpufeatures -Werror -mtune=cortex-a8 -c -o /tmp/vpx-conf-10803-31262.o /tmp/vpx-conf-10803-31262.cc
check_cflags -mtune=cortex-a8
check_cc -Werror -mtune=cortex-a8
BEGIN /tmp/vpx-conf-10803-31262.c
     1	int x;
END /tmp/vpx-conf-10803-31262.c
/home/kubo/android-ndk-r9d/toolchains/arm-linux-androideabi-4.8/prebuilt/linux-x86_64/bin/arm-linux-androideabi-gcc --sysroot=/home/kubo/android-ndk-r9d/platforms/android-19/arch-arm -I/home/kubo/android-ndk-r9d//sources/android/cpufeatures -Werror -mtune=cortex-a8 -c -o /tmp/vpx-conf-10803-31262.o /tmp/vpx-conf-10803-31262.c
check_cxxflags -DNDEBUG
check_cxx -Werror -DNDEBUG
BEGIN /tmp/vpx-conf-10803-31262.cc
     1	int x;
END /tmp/vpx-conf-10803-31262.cc
/home/kubo/android-ndk-r9d/toolchains/arm-linux-androideabi-4.8/prebuilt/linux-x86_64/bin/arm-linux-androideabi-g++ --sysroot=/home/kubo/android-ndk-r9d/platforms/android-19/arch-arm -I/home/kubo/android-ndk-r9d//sources/android/cpufeatures -mtune=cortex-a8 -Werror -DNDEBUG -c -o /tmp/vpx-conf-10803-31262.o /tmp/vpx-conf-10803-31262.cc
check_cflags -DNDEBUG
check_cc -Werror -DNDEBUG
BEGIN /tmp/vpx-conf-10803-31262.c
     1	int x;
END /tmp/vpx-conf-10803-31262.c
/home/kubo/android-ndk-r9d/toolchains/arm-linux-androideabi-4.8/prebuilt/linux-x86_64/bin/arm-linux-androideabi-gcc --sysroot=/home/kubo/android-ndk-r9d/platforms/android-19/arch-arm -I/home/kubo/android-ndk-r9d//sources/android/cpufeatures -mtune=cortex-a8 -Werror -DNDEBUG -c -o /tmp/vpx-conf-10803-31262.o /tmp/vpx-conf-10803-31262.c
check_cxxflags -O3
check_cxx -Werror -O3
BEGIN /tmp/vpx-conf-10803-31262.cc
     1	int x;
END /tmp/vpx-conf-10803-31262.cc
/home/kubo/android-ndk-r9d/toolchains/arm-linux-androideabi-4.8/prebuilt/linux-x86_64/bin/arm-linux-androideabi-g++ --sysroot=/home/kubo/android-ndk-r9d/platforms/android-19/arch-arm -I/home/kubo/android-ndk-r9d//sources/android/cpufeatures -mtune=cortex-a8 -DNDEBUG -Werror -O3 -c -o /tmp/vpx-conf-10803-31262.o /tmp/vpx-conf-10803-31262.cc
check_cflags -O3
check_cc -Werror -O3
BEGIN /tmp/vpx-conf-10803-31262.c
     1	int x;
END /tmp/vpx-conf-10803-31262.c
/home/kubo/android-ndk-r9d/toolchains/arm-linux-androideabi-4.8/prebuilt/linux-x86_64/bin/arm-linux-androideabi-gcc --sysroot=/home/kubo/android-ndk-r9d/platforms/android-19/arch-arm -I/home/kubo/android-ndk-r9d//sources/android/cpufeatures -mtune=cortex-a8 -DNDEBUG -Werror -O3 -c -o /tmp/vpx-conf-10803-31262.o /tmp/vpx-conf-10803-31262.c
  enabling use_x86inc
check_cxxflags -fPIC
check_cxx -Werror -fPIC
BEGIN /tmp/vpx-conf-10803-31262.cc
     1	int x;
END /tmp/vpx-conf-10803-31262.cc
/home/kubo/android-ndk-r9d/toolchains/arm-linux-androideabi-4.8/prebuilt/linux-x86_64/bin/arm-linux-androideabi-g++ --sysroot=/home/kubo/android-ndk-r9d/platforms/android-19/arch-arm -I/home/kubo/android-ndk-r9d//sources/android/cpufeatures -mtune=cortex-a8 -DNDEBUG -O3 -Werror -fPIC -c -o /tmp/vpx-conf-10803-31262.o /tmp/vpx-conf-10803-31262.cc
check_cflags -fPIC
check_cc -Werror -fPIC
BEGIN /tmp/vpx-conf-10803-31262.c
     1	int x;
END /tmp/vpx-conf-10803-31262.c
/home/kubo/android-ndk-r9d/toolchains/arm-linux-androideabi-4.8/prebuilt/linux-x86_64/bin/arm-linux-androideabi-gcc --sysroot=/home/kubo/android-ndk-r9d/platforms/android-19/arch-arm -I/home/kubo/android-ndk-r9d//sources/android/cpufeatures -mtune=cortex-a8 -DNDEBUG -O3 -Werror -fPIC -c -o /tmp/vpx-conf-10803-31262.o /tmp/vpx-conf-10803-31262.c
check_cc
BEGIN /tmp/vpx-conf-10803-31262.c
     1	    unsigned int e = 'O'<<24 | '2'<<16 | 'B'<<8 | 'E';
END /tmp/vpx-conf-10803-31262.c
/home/kubo/android-ndk-r9d/toolchains/arm-linux-androideabi-4.8/prebuilt/linux-x86_64/bin/arm-linux-androideabi-gcc --sysroot=/home/kubo/android-ndk-r9d/platforms/android-19/arch-arm -I/home/kubo/android-ndk-r9d//sources/android/cpufeatures -mtune=cortex-a8 -DNDEBUG -O3 -fPIC -c -o /tmp/vpx-conf-10803-31262.o /tmp/vpx-conf-10803-31262.c
check_cc
BEGIN /tmp/vpx-conf-10803-31262.c
     1	    static inline function() {}
END /tmp/vpx-conf-10803-31262.c
/home/kubo/android-ndk-r9d/toolchains/arm-linux-androideabi-4.8/prebuilt/linux-x86_64/bin/arm-linux-androideabi-gcc --sysroot=/home/kubo/android-ndk-r9d/platforms/android-19/arch-arm -I/home/kubo/android-ndk-r9d//sources/android/cpufeatures -mtune=cortex-a8 -DNDEBUG -O3 -fPIC -c -o /tmp/vpx-conf-10803-31262.o /tmp/vpx-conf-10803-31262.c
check_cc
BEGIN /tmp/vpx-conf-10803-31262.c
     1	    static __attribute__((always_inline)) function() {}
END /tmp/vpx-conf-10803-31262.c
/home/kubo/android-ndk-r9d/toolchains/arm-linux-androideabi-4.8/prebuilt/linux-x86_64/bin/arm-linux-androideabi-gcc --sysroot=/home/kubo/android-ndk-r9d/platforms/android-19/arch-arm -I/home/kubo/android-ndk-r9d//sources/android/cpufeatures -mtune=cortex-a8 -DNDEBUG -O3 -fPIC -c -o /tmp/vpx-conf-10803-31262.o /tmp/vpx-conf-10803-31262.c
/tmp/vpx-conf-10803-31262.c:1:43: warning: always_inline function might not be inlinable [-Wattributes]
     static __attribute__((always_inline)) function() {}
                                           ^
check_cxxflags -Wall
check_cxx -Werror -Wall
BEGIN /tmp/vpx-conf-10803-31262.cc
     1	int x;
END /tmp/vpx-conf-10803-31262.cc
/home/kubo/android-ndk-r9d/toolchains/arm-linux-androideabi-4.8/prebuilt/linux-x86_64/bin/arm-linux-androideabi-g++ --sysroot=/home/kubo/android-ndk-r9d/platforms/android-19/arch-arm -I/home/kubo/android-ndk-r9d//sources/android/cpufeatures -mtune=cortex-a8 -DNDEBUG -O3 -fPIC -Werror -Wall -c -o /tmp/vpx-conf-10803-31262.o /tmp/vpx-conf-10803-31262.cc
check_cflags -Wall
check_cc -Werror -Wall
BEGIN /tmp/vpx-conf-10803-31262.c
     1	int x;
END /tmp/vpx-conf-10803-31262.c
/home/kubo/android-ndk-r9d/toolchains/arm-linux-androideabi-4.8/prebuilt/linux-x86_64/bin/arm-linux-androideabi-gcc --sysroot=/home/kubo/android-ndk-r9d/platforms/android-19/arch-arm -I/home/kubo/android-ndk-r9d//sources/android/cpufeatures -mtune=cortex-a8 -DNDEBUG -O3 -fPIC -Werror -Wall -c -o /tmp/vpx-conf-10803-31262.o /tmp/vpx-conf-10803-31262.c
check_cxxflags -Wdeclaration-after-statement
check_cxx -Werror -Wdeclaration-after-statement
BEGIN /tmp/vpx-conf-10803-31262.cc
     1	int x;
END /tmp/vpx-conf-10803-31262.cc
/home/kubo/android-ndk-r9d/toolchains/arm-linux-androideabi-4.8/prebuilt/linux-x86_64/bin/arm-linux-androideabi-g++ --sysroot=/home/kubo/android-ndk-r9d/platforms/android-19/arch-arm -I/home/kubo/android-ndk-r9d//sources/android/cpufeatures -mtune=cortex-a8 -DNDEBUG -O3 -fPIC -Wall -Werror -Wdeclaration-after-statement -c -o /tmp/vpx-conf-10803-31262.o /tmp/vpx-conf-10803-31262.cc
cc1plus: error: command line option '-Wdeclaration-after-statement' is valid for C/ObjC but not for C++ [-Werror]
cc1plus: all warnings being treated as errors
check_cflags -Wdeclaration-after-statement
check_cc -Werror -Wdeclaration-after-statement
BEGIN /tmp/vpx-conf-10803-31262.c
     1	int x;
END /tmp/vpx-conf-10803-31262.c
/home/kubo/android-ndk-r9d/toolchains/arm-linux-androideabi-4.8/prebuilt/linux-x86_64/bin/arm-linux-androideabi-gcc --sysroot=/home/kubo/android-ndk-r9d/platforms/android-19/arch-arm -I/home/kubo/android-ndk-r9d//sources/android/cpufeatures -mtune=cortex-a8 -DNDEBUG -O3 -fPIC -Wall -Werror -Wdeclaration-after-statement -c -o /tmp/vpx-conf-10803-31262.o /tmp/vpx-conf-10803-31262.c
check_cxxflags -Wdisabled-optimization
check_cxx -Werror -Wdisabled-optimization
BEGIN /tmp/vpx-conf-10803-31262.cc
     1	int x;
END /tmp/vpx-conf-10803-31262.cc
/home/kubo/android-ndk-r9d/toolchains/arm-linux-androideabi-4.8/prebuilt/linux-x86_64/bin/arm-linux-androideabi-g++ --sysroot=/home/kubo/android-ndk-r9d/platforms/android-19/arch-arm -I/home/kubo/android-ndk-r9d//sources/android/cpufeatures -mtune=cortex-a8 -DNDEBUG -O3 -fPIC -Wall -Werror -Wdisabled-optimization -c -o /tmp/vpx-conf-10803-31262.o /tmp/vpx-conf-10803-31262.cc
check_cflags -Wdisabled-optimization
check_cc -Werror -Wdisabled-optimization
BEGIN /tmp/vpx-conf-10803-31262.c
     1	int x;
END /tmp/vpx-conf-10803-31262.c
/home/kubo/android-ndk-r9d/toolchains/arm-linux-androideabi-4.8/prebuilt/linux-x86_64/bin/arm-linux-androideabi-gcc --sysroot=/home/kubo/android-ndk-r9d/platforms/android-19/arch-arm -I/home/kubo/android-ndk-r9d//sources/android/cpufeatures -mtune=cortex-a8 -DNDEBUG -O3 -fPIC -Wall -Wdeclaration-after-statement -Werror -Wdisabled-optimization -c -o /tmp/vpx-conf-10803-31262.o /tmp/vpx-conf-10803-31262.c
check_cxxflags -Wpointer-arith
check_cxx -Werror -Wpointer-arith
BEGIN /tmp/vpx-conf-10803-31262.cc
     1	int x;
END /tmp/vpx-conf-10803-31262.cc
/home/kubo/android-ndk-r9d/toolchains/arm-linux-androideabi-4.8/prebuilt/linux-x86_64/bin/arm-linux-androideabi-g++ --sysroot=/home/kubo/android-ndk-r9d/platforms/android-19/arch-arm -I/home/kubo/android-ndk-r9d//sources/android/cpufeatures -mtune=cortex-a8 -DNDEBUG -O3 -fPIC -Wall -Wdisabled-optimization -Werror -Wpointer-arith -c -o /tmp/vpx-conf-10803-31262.o /tmp/vpx-conf-10803-31262.cc
check_cflags -Wpointer-arith
check_cc -Werror -Wpointer-arith
BEGIN /tmp/vpx-conf-10803-31262.c
     1	int x;
END /tmp/vpx-conf-10803-31262.c
/home/kubo/android-ndk-r9d/toolchains/arm-linux-androideabi-4.8/prebuilt/linux-x86_64/bin/arm-linux-androideabi-gcc --sysroot=/home/kubo/android-ndk-r9d/platforms/android-19/arch-arm -I/home/kubo/android-ndk-r9d//sources/android/cpufeatures -mtune=cortex-a8 -DNDEBUG -O3 -fPIC -Wall -Wdeclaration-after-statement -Wdisabled-optimization -Werror -Wpointer-arith -c -o /tmp/vpx-conf-10803-31262.o /tmp/vpx-conf-10803-31262.c
check_cxxflags -Wtype-limits
check_cxx -Werror -Wtype-limits
BEGIN /tmp/vpx-conf-10803-31262.cc
     1	int x;
END /tmp/vpx-conf-10803-31262.cc
/home/kubo/android-ndk-r9d/toolchains/arm-linux-androideabi-4.8/prebuilt/linux-x86_64/bin/arm-linux-androideabi-g++ --sysroot=/home/kubo/android-ndk-r9d/platforms/android-19/arch-arm -I/home/kubo/android-ndk-r9d//sources/android/cpufeatures -mtune=cortex-a8 -DNDEBUG -O3 -fPIC -Wall -Wdisabled-optimization -Wpointer-arith -Werror -Wtype-limits -c -o /tmp/vpx-conf-10803-31262.o /tmp/vpx-conf-10803-31262.cc
check_cflags -Wtype-limits
check_cc -Werror -Wtype-limits
BEGIN /tmp/vpx-conf-10803-31262.c
     1	int x;
END /tmp/vpx-conf-10803-31262.c
/home/kubo/android-ndk-r9d/toolchains/arm-linux-androideabi-4.8/prebuilt/linux-x86_64/bin/arm-linux-androideabi-gcc --sysroot=/home/kubo/android-ndk-r9d/platforms/android-19/arch-arm -I/home/kubo/android-ndk-r9d//sources/android/cpufeatures -mtune=cortex-a8 -DNDEBUG -O3 -fPIC -Wall -Wdeclaration-after-statement -Wdisabled-optimization -Wpointer-arith -Werror -Wtype-limits -c -o /tmp/vpx-conf-10803-31262.o /tmp/vpx-conf-10803-31262.c
check_cxxflags -Wcast-qual
check_cxx -Werror -Wcast-qual
BEGIN /tmp/vpx-conf-10803-31262.cc
     1	int x;
END /tmp/vpx-conf-10803-31262.cc
/home/kubo/android-ndk-r9d/toolchains/arm-linux-androideabi-4.8/prebuilt/linux-x86_64/bin/arm-linux-androideabi-g++ --sysroot=/home/kubo/android-ndk-r9d/platforms/android-19/arch-arm -I/home/kubo/android-ndk-r9d//sources/android/cpufeatures -mtune=cortex-a8 -DNDEBUG -O3 -fPIC -Wall -Wdisabled-optimization -Wpointer-arith -Wtype-limits -Werror -Wcast-qual -c -o /tmp/vpx-conf-10803-31262.o /tmp/vpx-conf-10803-31262.cc
check_cflags -Wcast-qual
check_cc -Werror -Wcast-qual
BEGIN /tmp/vpx-conf-10803-31262.c
     1	int x;
END /tmp/vpx-conf-10803-31262.c
/home/kubo/android-ndk-r9d/toolchains/arm-linux-androideabi-4.8/prebuilt/linux-x86_64/bin/arm-linux-androideabi-gcc --sysroot=/home/kubo/android-ndk-r9d/platforms/android-19/arch-arm -I/home/kubo/android-ndk-r9d//sources/android/cpufeatures -mtune=cortex-a8 -DNDEBUG -O3 -fPIC -Wall -Wdeclaration-after-statement -Wdisabled-optimization -Wpointer-arith -Wtype-limits -Werror -Wcast-qual -c -o /tmp/vpx-conf-10803-31262.o /tmp/vpx-conf-10803-31262.c
check_cxxflags -Wvla
check_cxx -Werror -Wvla
BEGIN /tmp/vpx-conf-10803-31262.cc
     1	int x;
END /tmp/vpx-conf-10803-31262.cc
/home/kubo/android-ndk-r9d/toolchains/arm-linux-androideabi-4.8/prebuilt/linux-x86_64/bin/arm-linux-androideabi-g++ --sysroot=/home/kubo/android-ndk-r9d/platforms/android-19/arch-arm -I/home/kubo/android-ndk-r9d//sources/android/cpufeatures -mtune=cortex-a8 -DNDEBUG -O3 -fPIC -Wall -Wdisabled-optimization -Wpointer-arith -Wtype-limits -Wcast-qual -Werror -Wvla -c -o /tmp/vpx-conf-10803-31262.o /tmp/vpx-conf-10803-31262.cc
check_cflags -Wvla
check_cc -Werror -Wvla
BEGIN /tmp/vpx-conf-10803-31262.c
     1	int x;
END /tmp/vpx-conf-10803-31262.c
/home/kubo/android-ndk-r9d/toolchains/arm-linux-androideabi-4.8/prebuilt/linux-x86_64/bin/arm-linux-androideabi-gcc --sysroot=/home/kubo/android-ndk-r9d/platforms/android-19/arch-arm -I/home/kubo/android-ndk-r9d//sources/android/cpufeatures -mtune=cortex-a8 -DNDEBUG -O3 -fPIC -Wall -Wdeclaration-after-statement -Wdisabled-optimization -Wpointer-arith -Wtype-limits -Wcast-qual -Werror -Wvla -c -o /tmp/vpx-conf-10803-31262.o /tmp/vpx-conf-10803-31262.c
check_cxxflags -Wimplicit-function-declaration
check_cxx -Werror -Wimplicit-function-declaration
BEGIN /tmp/vpx-conf-10803-31262.cc
     1	int x;
END /tmp/vpx-conf-10803-31262.cc
/home/kubo/android-ndk-r9d/toolchains/arm-linux-androideabi-4.8/prebuilt/linux-x86_64/bin/arm-linux-androideabi-g++ --sysroot=/home/kubo/android-ndk-r9d/platforms/android-19/arch-arm -I/home/kubo/android-ndk-r9d//sources/android/cpufeatures -mtune=cortex-a8 -DNDEBUG -O3 -fPIC -Wall -Wdisabled-optimization -Wpointer-arith -Wtype-limits -Wcast-qual -Wvla -Werror -Wimplicit-function-declaration -c -o /tmp/vpx-conf-10803-31262.o /tmp/vpx-conf-10803-31262.cc
cc1plus: error: command line option '-Wimplicit-function-declaration' is valid for C/ObjC but not for C++ [-Werror]
cc1plus: all warnings being treated as errors
check_cflags -Wimplicit-function-declaration
check_cc -Werror -Wimplicit-function-declaration
BEGIN /tmp/vpx-conf-10803-31262.c
     1	int x;
END /tmp/vpx-conf-10803-31262.c
/home/kubo/android-ndk-r9d/toolchains/arm-linux-androideabi-4.8/prebuilt/linux-x86_64/bin/arm-linux-androideabi-gcc --sysroot=/home/kubo/android-ndk-r9d/platforms/android-19/arch-arm -I/home/kubo/android-ndk-r9d//sources/android/cpufeatures -mtune=cortex-a8 -DNDEBUG -O3 -fPIC -Wall -Wdeclaration-after-statement -Wdisabled-optimization -Wpointer-arith -Wtype-limits -Wcast-qual -Wvla -Werror -Wimplicit-function-declaration -c -o /tmp/vpx-conf-10803-31262.o /tmp/vpx-conf-10803-31262.c
check_cxxflags -Wuninitialized
check_cxx -Werror -Wuninitialized
BEGIN /tmp/vpx-conf-10803-31262.cc
     1	int x;
END /tmp/vpx-conf-10803-31262.cc
/home/kubo/android-ndk-r9d/toolchains/arm-linux-androideabi-4.8/prebuilt/linux-x86_64/bin/arm-linux-androideabi-g++ --sysroot=/home/kubo/android-ndk-r9d/platforms/android-19/arch-arm -I/home/kubo/android-ndk-r9d//sources/android/cpufeatures -mtune=cortex-a8 -DNDEBUG -O3 -fPIC -Wall -Wdisabled-optimization -Wpointer-arith -Wtype-limits -Wcast-qual -Wvla -Werror -Wuninitialized -c -o /tmp/vpx-conf-10803-31262.o /tmp/vpx-conf-10803-31262.cc
check_cflags -Wuninitialized
check_cc -Werror -Wuninitialized
BEGIN /tmp/vpx-conf-10803-31262.c
     1	int x;
END /tmp/vpx-conf-10803-31262.c
/home/kubo/android-ndk-r9d/toolchains/arm-linux-androideabi-4.8/prebuilt/linux-x86_64/bin/arm-linux-androideabi-gcc --sysroot=/home/kubo/android-ndk-r9d/platforms/android-19/arch-arm -I/home/kubo/android-ndk-r9d//sources/android/cpufeatures -mtune=cortex-a8 -DNDEBUG -O3 -fPIC -Wall -Wdeclaration-after-statement -Wdisabled-optimization -Wpointer-arith -Wtype-limits -Wcast-qual -Wvla -Wimplicit-function-declaration -Werror -Wuninitialized -c -o /tmp/vpx-conf-10803-31262.o /tmp/vpx-conf-10803-31262.c
check_cxxflags -Wunused-variable
check_cxx -Werror -Wunused-variable
BEGIN /tmp/vpx-conf-10803-31262.cc
     1	int x;
END /tmp/vpx-conf-10803-31262.cc
/home/kubo/android-ndk-r9d/toolchains/arm-linux-androideabi-4.8/prebuilt/linux-x86_64/bin/arm-linux-androideabi-g++ --sysroot=/home/kubo/android-ndk-r9d/platforms/android-19/arch-arm -I/home/kubo/android-ndk-r9d//sources/android/cpufeatures -mtune=cortex-a8 -DNDEBUG -O3 -fPIC -Wall -Wdisabled-optimization -Wpointer-arith -Wtype-limits -Wcast-qual -Wvla -Wuninitialized -Werror -Wunused-variable -c -o /tmp/vpx-conf-10803-31262.o /tmp/vpx-conf-10803-31262.cc
check_cflags -Wunused-variable
check_cc -Werror -Wunused-variable
BEGIN /tmp/vpx-conf-10803-31262.c
     1	int x;
END /tmp/vpx-conf-10803-31262.c
/home/kubo/android-ndk-r9d/toolchains/arm-linux-androideabi-4.8/prebuilt/linux-x86_64/bin/arm-linux-androideabi-gcc --sysroot=/home/kubo/android-ndk-r9d/platforms/android-19/arch-arm -I/home/kubo/android-ndk-r9d//sources/android/cpufeatures -mtune=cortex-a8 -DNDEBUG -O3 -fPIC -Wall -Wdeclaration-after-statement -Wdisabled-optimization -Wpointer-arith -Wtype-limits -Wcast-qual -Wvla -Wimplicit-function-declaration -Wuninitialized -Werror -Wunused-variable -c -o /tmp/vpx-conf-10803-31262.o /tmp/vpx-conf-10803-31262.c
check_cxxflags -Wunused-but-set-variable
check_cxx -Werror -Wunused-but-set-variable
BEGIN /tmp/vpx-conf-10803-31262.cc
     1	int x;
END /tmp/vpx-conf-10803-31262.cc
/home/kubo/android-ndk-r9d/toolchains/arm-linux-androideabi-4.8/prebuilt/linux-x86_64/bin/arm-linux-androideabi-g++ --sysroot=/home/kubo/android-ndk-r9d/platforms/android-19/arch-arm -I/home/kubo/android-ndk-r9d//sources/android/cpufeatures -mtune=cortex-a8 -DNDEBUG -O3 -fPIC -Wall -Wdisabled-optimization -Wpointer-arith -Wtype-limits -Wcast-qual -Wvla -Wuninitialized -Wunused-variable -Werror -Wunused-but-set-variable -c -o /tmp/vpx-conf-10803-31262.o /tmp/vpx-conf-10803-31262.cc
check_cflags -Wunused-but-set-variable
check_cc -Werror -Wunused-but-set-variable
BEGIN /tmp/vpx-conf-10803-31262.c
     1	int x;
END /tmp/vpx-conf-10803-31262.c
/home/kubo/android-ndk-r9d/toolchains/arm-linux-androideabi-4.8/prebuilt/linux-x86_64/bin/arm-linux-androideabi-gcc --sysroot=/home/kubo/android-ndk-r9d/platforms/android-19/arch-arm -I/home/kubo/android-ndk-r9d//sources/android/cpufeatures -mtune=cortex-a8 -DNDEBUG -O3 -fPIC -Wall -Wdeclaration-after-statement -Wdisabled-optimization -Wpointer-arith -Wtype-limits -Wcast-qual -Wvla -Wimplicit-function-declaration -Wuninitialized -Wunused-variable -Werror -Wunused-but-set-variable -c -o /tmp/vpx-conf-10803-31262.o /tmp/vpx-conf-10803-31262.c
check_cxxflags -Wno-unused-function
check_cxx -Werror -Wno-unused-function
BEGIN /tmp/vpx-conf-10803-31262.cc
     1	int x;
END /tmp/vpx-conf-10803-31262.cc
/home/kubo/android-ndk-r9d/toolchains/arm-linux-androideabi-4.8/prebuilt/linux-x86_64/bin/arm-linux-androideabi-g++ --sysroot=/home/kubo/android-ndk-r9d/platforms/android-19/arch-arm -I/home/kubo/android-ndk-r9d//sources/android/cpufeatures -mtune=cortex-a8 -DNDEBUG -O3 -fPIC -Wall -Wdisabled-optimization -Wpointer-arith -Wtype-limits -Wcast-qual -Wvla -Wuninitialized -Wunused-variable -Wunused-but-set-variable -Werror -Wno-unused-function -c -o /tmp/vpx-conf-10803-31262.o /tmp/vpx-conf-10803-31262.cc
check_cflags -Wno-unused-function
check_cc -Werror -Wno-unused-function
BEGIN /tmp/vpx-conf-10803-31262.c
     1	int x;
END /tmp/vpx-conf-10803-31262.c
/home/kubo/android-ndk-r9d/toolchains/arm-linux-androideabi-4.8/prebuilt/linux-x86_64/bin/arm-linux-androideabi-gcc --sysroot=/home/kubo/android-ndk-r9d/platforms/android-19/arch-arm -I/home/kubo/android-ndk-r9d//sources/android/cpufeatures -mtune=cortex-a8 -DNDEBUG -O3 -fPIC -Wall -Wdeclaration-after-statement -Wdisabled-optimization -Wpointer-arith -Wtype-limits -Wcast-qual -Wvla -Wimplicit-function-declaration -Wuninitialized -Wunused-variable -Wunused-but-set-variable -Werror -Wno-unused-function -c -o /tmp/vpx-conf-10803-31262.o /tmp/vpx-conf-10803-31262.c
  enabling webm_io
  enabling libyuv
check_header stdio.h
check_cpp
BEGIN /tmp/vpx-conf-10803-31262.c
     1	#include "stdio.h"
     2	int x;
END /tmp/vpx-conf-10803-31262.c
/home/kubo/android-ndk-r9d/toolchains/arm-linux-androideabi-4.8/prebuilt/linux-x86_64/bin/arm-linux-androideabi-gcc --sysroot=/home/kubo/android-ndk-r9d/platforms/android-19/arch-arm -I/home/kubo/android-ndk-r9d//sources/android/cpufeatures -mtune=cortex-a8 -DNDEBUG -O3 -fPIC -Wall -Wdeclaration-after-statement -Wdisabled-optimization -Wpointer-arith -Wtype-limits -Wcast-qual -Wvla -Wimplicit-function-declaration -Wuninitialized -Wunused-variable -Wunused-but-set-variable -Wno-unused-function -E -o /tmp/vpx-conf-10803-31262.o /tmp/vpx-conf-10803-31262.c
check_ld
check_cc
BEGIN /tmp/vpx-conf-10803-31262.c
     1	int main(void) {return 0;}
END /tmp/vpx-conf-10803-31262.c
/home/kubo/android-ndk-r9d/toolchains/arm-linux-androideabi-4.8/prebuilt/linux-x86_64/bin/arm-linux-androideabi-gcc --sysroot=/home/kubo/android-ndk-r9d/platforms/android-19/arch-arm -I/home/kubo/android-ndk-r9d//sources/android/cpufeatures -mtune=cortex-a8 -DNDEBUG -O3 -fPIC -Wall -Wdeclaration-after-statement -Wdisabled-optimization -Wpointer-arith -Wtype-limits -Wcast-qual -Wvla -Wimplicit-function-declaration -Wuninitialized -Wunused-variable -Wunused-but-set-variable -Wno-unused-function -c -o /tmp/vpx-conf-10803-31262.o /tmp/vpx-conf-10803-31262.c
/home/kubo/android-ndk-r9d/toolchains/arm-linux-androideabi-4.8/prebuilt/linux-x86_64/bin/arm-linux-androideabi-g++ --sysroot=/home/kubo/android-ndk-r9d/platforms/android-19/arch-arm -Wl,--fix-cortex-a8 -o /tmp/vpx-conf-10803-31262.x /tmp/vpx-conf-10803-31262.o
check_header stdint.h
check_cpp
BEGIN /tmp/vpx-conf-10803-31262.c
     1	#include "stdint.h"
     2	int x;
END /tmp/vpx-conf-10803-31262.c
/home/kubo/android-ndk-r9d/toolchains/arm-linux-androideabi-4.8/prebuilt/linux-x86_64/bin/arm-linux-androideabi-gcc --sysroot=/home/kubo/android-ndk-r9d/platforms/android-19/arch-arm -I/home/kubo/android-ndk-r9d//sources/android/cpufeatures -mtune=cortex-a8 -DNDEBUG -O3 -fPIC -Wall -Wdeclaration-after-statement -Wdisabled-optimization -Wpointer-arith -Wtype-limits -Wcast-qual -Wvla -Wimplicit-function-declaration -Wuninitialized -Wunused-variable -Wunused-but-set-variable -Wno-unused-function -E -o /tmp/vpx-conf-10803-31262.o /tmp/vpx-conf-10803-31262.c
check_header pthread.h
check_cpp
BEGIN /tmp/vpx-conf-10803-31262.c
     1	#include "pthread.h"
     2	int x;
END /tmp/vpx-conf-10803-31262.c
/home/kubo/android-ndk-r9d/toolchains/arm-linux-androideabi-4.8/prebuilt/linux-x86_64/bin/arm-linux-androideabi-gcc --sysroot=/home/kubo/android-ndk-r9d/platforms/android-19/arch-arm -I/home/kubo/android-ndk-r9d//sources/android/cpufeatures -mtune=cortex-a8 -DNDEBUG -O3 -fPIC -Wall -Wdeclaration-after-statement -Wdisabled-optimization -Wpointer-arith -Wtype-limits -Wcast-qual -Wvla -Wimplicit-function-declaration -Wuninitialized -Wunused-variable -Wunused-but-set-variable -Wno-unused-function -E -o /tmp/vpx-conf-10803-31262.o /tmp/vpx-conf-10803-31262.c
check_header sys/mman.h
check_cpp
BEGIN /tmp/vpx-conf-10803-31262.c
     1	#include "sys/mman.h"
     2	int x;
END /tmp/vpx-conf-10803-31262.c
/home/kubo/android-ndk-r9d/toolchains/arm-linux-androideabi-4.8/prebuilt/linux-x86_64/bin/arm-linux-androideabi-gcc --sysroot=/home/kubo/android-ndk-r9d/platforms/android-19/arch-arm -I/home/kubo/android-ndk-r9d//sources/android/cpufeatures -mtune=cortex-a8 -DNDEBUG -O3 -fPIC -Wall -Wdeclaration-after-statement -Wdisabled-optimization -Wpointer-arith -Wtype-limits -Wcast-qual -Wvla -Wimplicit-function-declaration -Wuninitialized -Wunused-variable -Wunused-but-set-variable -Wno-unused-function -E -o /tmp/vpx-conf-10803-31262.o /tmp/vpx-conf-10803-31262.c
check_header unistd.h
check_cpp
BEGIN /tmp/vpx-conf-10803-31262.c
     1	#include "unistd.h"
     2	int x;
END /tmp/vpx-conf-10803-31262.c
/home/kubo/android-ndk-r9d/toolchains/arm-linux-androideabi-4.8/prebuilt/linux-x86_64/bin/arm-linux-androideabi-gcc --sysroot=/home/kubo/android-ndk-r9d/platforms/android-19/arch-arm -I/home/kubo/android-ndk-r9d//sources/android/cpufeatures -mtune=cortex-a8 -DNDEBUG -O3 -fPIC -Wall -Wdeclaration-after-statement -Wdisabled-optimization -Wpointer-arith -Wtype-limits -Wcast-qual -Wvla -Wimplicit-function-declaration -Wuninitialized -Wunused-variable -Wunused-but-set-variable -Wno-unused-function -E -o /tmp/vpx-conf-10803-31262.o /tmp/vpx-conf-10803-31262.c
check_header vpx/vpx_integer.h -I./libvpx
check_cpp -I./libvpx
BEGIN /tmp/vpx-conf-10803-31262.c
     1	#include "vpx/vpx_integer.h"
     2	int x;
END /tmp/vpx-conf-10803-31262.c
/home/kubo/android-ndk-r9d/toolchains/arm-linux-androideabi-4.8/prebuilt/linux-x86_64/bin/arm-linux-androideabi-gcc --sysroot=/home/kubo/android-ndk-r9d/platforms/android-19/arch-arm -I/home/kubo/android-ndk-r9d//sources/android/cpufeatures -mtune=cortex-a8 -DNDEBUG -O3 -fPIC -Wall -Wdeclaration-after-statement -Wdisabled-optimization -Wpointer-arith -Wtype-limits -Wcast-qual -Wvla -Wimplicit-function-declaration -Wuninitialized -Wunused-variable -Wunused-but-set-variable -Wno-unused-function -I./libvpx -E -o /tmp/vpx-conf-10803-31262.o /tmp/vpx-conf-10803-31262.c
